     Creating library bin\HangMan_debug.lib and object bin\HangMan_debug.exp
openframeworksLib_debug.lib(ofCamera.obj) : error LNK2001: unresolved external symbol __CxxFrameHandler4
openframeworksLib_debug.lib(ofParameter.obj) : error LNK2001: unresolved external symbol __CxxFrameHandler4
openframeworksLib_debug.lib(ofBitmapFont.obj) : error LNK2001: unresolved external symbol __CxxFrameHandler4
openframeworksLib_debug.lib(ofMatrixStack.obj) : error LNK2001: unresolved external symbol __CxxFrameHandler4
openframeworksLib_debug.lib(ofFbo.obj) : error LNK2001: unresolved external symbol __CxxFrameHandler4
openframeworksLib_debug.lib(ofLight.obj) : error LNK2001: unresolved external symbol __CxxFrameHandler4
openframeworksLib_debug.lib(ofRendererCollection.obj) : error LNK2001: unresolved external symbol __CxxFrameHandler4
openframeworksLib_debug.lib(ofTessellator.obj) : error LNK2001: unresolved external symbol __CxxFrameHandler4
openframeworksLib_debug.lib(ofCairoRenderer.obj) : error LNK2001: unresolved external symbol __CxxFrameHandler4
openframeworksLib_debug.lib(ofNode.obj) : error LNK2001: unresolved external symbol __CxxFrameHandler4
openframeworksLib_debug.lib(ofThread.obj) : error LNK2001: unresolved external symbol __CxxFrameHandler4
openframeworksLib_debug.lib(ofBufferObject.obj) : error LNK2001: unresolved external symbol __CxxFrameHandler4
openframeworksLib_debug.lib(ofParameterGroup.obj) : error LNK2001: unresolved external symbol __CxxFrameHandler4
openframeworksLib_debug.lib(of3dPrimitives.obj) : error LNK2001: unresolved external symbol __CxxFrameHandler4
openframeworksLib_debug.lib(ofPath.obj) : error LNK2001: unresolved external symbol __CxxFrameHandler4
openframeworksLib_debug.lib(ofGraphics.obj) : error LNK2001: unresolved external symbol __CxxFrameHandler4
openframeworksLib_debug.lib(ofGLRenderer.obj) : error LNK2001: unresolved external symbol __CxxFrameHandler4
openframeworksLib_debug.lib(ofGLProgrammableRenderer.obj) : error LNK2001: unresolved external symbol __CxxFrameHandler4
openframeworksLib_debug.lib(ofFmodSoundPlayer.obj) : error LNK2001: unresolved external symbol __CxxFrameHandler4
openframeworksLib_debug.lib(ofTexture.obj) : error LNK2001: unresolved external symbol __CxxFrameHandler4
openframeworksLib_debug.lib(ofVbo.obj) : error LNK2001: unresolved external symbol __CxxFrameHandler4
openframeworksLib_debug.lib(ofVboMesh.obj) : error LNK2001: unresolved external symbol __CxxFrameHandler4
openframeworksLib_debug.lib(ofFpsCounter.obj) : error LNK2001: unresolved external symbol __CxxFrameHandler4
openframeworksLib_debug.lib(ofFileUtils.obj) : error LNK2001: unresolved external symbol __CxxFrameHandler4
openframeworksLib_debug.lib(ofGLUtils.obj) : error LNK2001: unresolved external symbol __CxxFrameHandler4
openframeworksLib_debug.lib(ofPixels.obj) : error LNK2001: unresolved external symbol __CxxFrameHandler4
openframeworksLib_debug.lib(ofURLFileLoader.obj) : error LNK2001: unresolved external symbol __CxxFrameHandler4
openframeworksLib_debug.lib(ofShader.obj) : error LNK2001: unresolved external symbol __CxxFrameHandler4
openframeworksLib_debug.lib(of3dGraphics.obj) : error LNK2001: unresolved external symbol __CxxFrameHandler4
openframeworksLib_debug.lib(ofSoundBuffer.obj) : error LNK2001: unresolved external symbol __CxxFrameHandler4
openframeworksLib_debug.lib(ofLog.obj) : error LNK2001: unresolved external symbol __CxxFrameHandler4
openframeworksLib_debug.lib(ofImage.obj) : error LNK2001: unresolved external symbol __CxxFrameHandler4
openframeworksLib_debug.lib(ofTrueTypeFont.obj) : error LNK2001: unresolved external symbol __CxxFrameHandler4
openframeworksLib_debug.lib(ofAppGLFWWindow.obj) : error LNK2001: unresolved external symbol __CxxFrameHandler4
openframeworksLib_debug.lib(ofUtils.obj) : error LNK2001: unresolved external symbol __CxxFrameHandler4
openframeworksLib_debug.lib(ofMainLoop.obj) : error LNK2001: unresolved external symbol __CxxFrameHandler4
openframeworksLib_debug.lib(ofRectangle.obj) : error LNK2001: unresolved external symbol __CxxFrameHandler4
openframeworksLib_debug.lib(ofSoundPlayer.obj) : error LNK2001: unresolved external symbol __CxxFrameHandler4
openframeworksLib_debug.lib(ofAppRunner.obj) : error LNK2001: unresolved external symbol __CxxFrameHandler4
openframeworksLib_debug.lib(ofBaseTypes.obj) : error LNK2001: unresolved external symbol __CxxFrameHandler4
openframeworksLib_debug.lib(ofBaseApp.obj) : error LNK2001: unresolved external symbol __CxxFrameHandler4
openframeworksLib_debug.lib(ofEvents.obj) : error LNK2001: unresolved external symbol __CxxFrameHandler4
openframeworksLib_debug.lib(ofMatrixStack.obj) : error LNK2001: unresolved external symbol __GSHandlerCheck_EH4
openframeworksLib_debug.lib(ofFbo.obj) : error LNK2001: unresolved external symbol __GSHandlerCheck_EH4
openframeworksLib_debug.lib(ofLight.obj) : error LNK2001: unresolved external symbol __GSHandlerCheck_EH4
openframeworksLib_debug.lib(ofParameter.obj) : error LNK2001: unresolved external symbol __GSHandlerCheck_EH4
openframeworksLib_debug.lib(ofRendererCollection.obj) : error LNK2001: unresolved external symbol __GSHandlerCheck_EH4
openframeworksLib_debug.lib(ofTessellator.obj) : error LNK2001: unresolved external symbol __GSHandlerCheck_EH4
openframeworksLib_debug.lib(ofCairoRenderer.obj) : error LNK2001: unresolved external symbol __GSHandlerCheck_EH4
openframeworksLib_debug.lib(ofNode.obj) : error LNK2001: unresolved external symbol __GSHandlerCheck_EH4
openframeworksLib_debug.lib(ofGLProgrammableRenderer.obj) : error LNK2001: unresolved external symbol __GSHandlerCheck_EH4
openframeworksLib_debug.lib(ofThread.obj) : error LNK2001: unresolved external symbol __GSHandlerCheck_EH4
openframeworksLib_debug.lib(ofParameterGroup.obj) : error LNK2001: unresolved external symbol __GSHandlerCheck_EH4
openframeworksLib_debug.lib(of3dPrimitives.obj) : error LNK2001: unresolved external symbol __GSHandlerCheck_EH4
openframeworksLib_debug.lib(ofVbo.obj) : error LNK2001: unresolved external symbol __GSHandlerCheck_EH4
openframeworksLib_debug.lib(ofPath.obj) : error LNK2001: unresolved external symbol __GSHandlerCheck_EH4
openframeworksLib_debug.lib(ofGraphics.obj) : error LNK2001: unresolved external symbol __GSHandlerCheck_EH4
openframeworksLib_debug.lib(ofGLRenderer.obj) : error LNK2001: unresolved external symbol __GSHandlerCheck_EH4
openframeworksLib_debug.lib(ofGLUtils.obj) : error LNK2001: unresolved external symbol __GSHandlerCheck_EH4
openframeworksLib_debug.lib(ofPixels.obj) : error LNK2001: unresolved external symbol __GSHandlerCheck_EH4
openframeworksLib_debug.lib(ofFmodSoundPlayer.obj) : error LNK2001: unresolved external symbol __GSHandlerCheck_EH4
openframeworksLib_debug.lib(ofTexture.obj) : error LNK2001: unresolved external symbol __GSHandlerCheck_EH4
openframeworksLib_debug.lib(ofShader.obj) : error LNK2001: unresolved external symbol __GSHandlerCheck_EH4
openframeworksLib_debug.lib(of3dGraphics.obj) : error LNK2001: unresolved external symbol __GSHandlerCheck_EH4
openframeworksLib_debug.lib(ofSoundBuffer.obj) : error LNK2001: unresolved external symbol __GSHandlerCheck_EH4
openframeworksLib_debug.lib(ofFileUtils.obj) : error LNK2001: unresolved external symbol __GSHandlerCheck_EH4
openframeworksLib_debug.lib(ofImage.obj) : error LNK2001: unresolved external symbol __GSHandlerCheck_EH4
openframeworksLib_debug.lib(ofTrueTypeFont.obj) : error LNK2001: unresolved external symbol __GSHandlerCheck_EH4
openframeworksLib_debug.lib(ofAppGLFWWindow.obj) : error LNK2001: unresolved external symbol __GSHandlerCheck_EH4
openframeworksLib_debug.lib(ofURLFileLoader.obj) : error LNK2001: unresolved external symbol __GSHandlerCheck_EH4
openframeworksLib_debug.lib(ofMainLoop.obj) : error LNK2001: unresolved external symbol __GSHandlerCheck_EH4
openframeworksLib_debug.lib(ofRectangle.obj) : error LNK2001: unresolved external symbol __GSHandlerCheck_EH4
openframeworksLib_debug.lib(ofSoundPlayer.obj) : error LNK2001: unresolved external symbol __GSHandlerCheck_EH4
openframeworksLib_debug.lib(ofLog.obj) : error LNK2001: unresolved external symbol __GSHandlerCheck_EH4
openframeworksLib_debug.lib(ofAppRunner.obj) : error LNK2001: unresolved external symbol __GSHandlerCheck_EH4
openframeworksLib_debug.lib(ofBaseTypes.obj) : error LNK2001: unresolved external symbol __GSHandlerCheck_EH4
openframeworksLib_debug.lib(ofEvents.obj) : error LNK2001: unresolved external symbol __GSHandlerCheck_EH4
openframeworksLib_debug.lib(ofUtils.obj) : error LNK2001: unresolved external symbol __GSHandlerCheck_EH4
openframeworksLib_debug.lib(ofPath.obj) : error LNK2019: unresolved external symbol __dyn_tls_on_demand_init referenced in function "public: void __cdecl ofPath::tessellate(void)" (?tessellate@ofPath@@QEAAXXZ)
openframeworksLib_debug.lib(ofPath.obj) : error LNK2001: unresolved external symbol __tls_guard
bin\HangMan_debug.exe : fatal error LNK1120: 4 unresolved externals
